Arguments: 
  /usr/local/lib/node-v12.0.0-linux-x86/bin/node /usr/share/yarn/bin/yarn.js add expo

PATH: 
  /home/sentienta/anaconda3//bin:/usr/local/lib/node-v12.0.0-linux-x86/bin:/home/sentienta/bin:/home/sentienta/.local/bin:/usr/local/sbin:/usr/local/bin:/usr/sbin:/usr/bin:/sbin:/bin:/usr/games:/usr/local/games:/snap/bin:/usr/lib/jvm/java-8-oracle/bin:/usr/lib/jvm/java-8-oracle/db/bin:/usr/lib/jvm/java-8-oracle/jre/bin

Yarn version: 
  1.22.4

Node version: 
  12.0.0

Platform: 
  linux ia32

Trace: 
  Error: https://github.com/expo/react-native/archive/sdk-37.0.1.tar.gz: Request failed "503 Service Unavailable"
      at ResponseError.ExtendableBuiltin (/usr/share/yarn/lib/cli.js:696:66)
      at new ResponseError (/usr/share/yarn/lib/cli.js:802:124)
      at Request.<anonymous> (/usr/share/yarn/lib/cli.js:67057:16)
      at Request.emit (events.js:196:13)
      at Request.module.exports.Request.onRequestResponse (/usr/share/yarn/lib/cli.js:141625:10)
      at ClientRequest.emit (events.js:201:15)
      at HTTPParser.parserOnIncomingClient [as onIncoming] (_http_client.js:565:23)
      at HTTPParser.parserOnHeadersComplete (_http_common.js:116:17)
      at TLSSocket.socketOnData (_http_client.js:452:22)
      at TLSSocket.emit (events.js:196:13)

npm manifest: 
  {
    "main": "node_modules/expo/AppEntry.js",
    "scripts": {
      "start": "expo start",
      "android": "expo start --android",
      "ios": "expo start --ios",
      "web": "expo start --web",
      "eject": "expo eject"
    },
    "dependencies": {
      "expo": "~37.0.3",
      "react": "~16.9.0",
      "react-dom": "~16.9.0",
      "react-native": "https://github.com/expo/react-native/archive/sdk-37.0.1.tar.gz",
      "react-native-web": "~0.11.7"
    },
    "devDependencies": {
      "babel-preset-expo": "~8.1.0",
      "@babel/core": "^7.8.6"
    },
    "private": true
  }

yarn manifest: 
  No manifest

Lockfile: 
  No lockfile
